<?xml version="1.0" encoding="UTF-8"?>
<testng-results ignored="0" total="1" passed="1" failed="0" skipped="0">
  <reporter-output>
  </reporter-output>
  <suite started-at="2025-06-17T20:02:42 IST" name="Suite" finished-at="2025-06-17T20:03:19 IST" duration-ms="36283">
    <groups>
    </groups>
    <test started-at="2025-06-17T20:02:42 IST" name="Test" finished-at="2025-06-17T20:03:19 IST" duration-ms="36283">
      <class name="TestCase.IRCTCBooking">
        <test-method is-config="true" signature="setupReport()[pri:0, instance:TestCase.IRCTCBooking@1bd4fdd]" started-at="2025-06-17T20:02:42 IST" name="setupReport" finished-at="2025-06-17T20:02:42 IST" duration-ms="259" status="PASS">
          <reporter-output>
          </reporter-output>
        </test-method> <!-- setupReport -->
        <test-method is-config="true" signature="setup()[pri:0, instance:TestCase.IRCTCBooking@1bd4fdd]" started-at="2025-06-17T20:02:42 IST" name="setup" finished-at="2025-06-17T20:02:54 IST" duration-ms="11383" status="PASS">
          <reporter-output>
          </reporter-output>
        </test-method> <!-- setup -->
        <test-method signature="bookTicket()[pri:0, instance:TestCase.IRCTCBooking@1bd4fdd]" started-at="2025-06-17T20:02:54 IST" name="bookTicket" finished-at="2025-06-17T20:03:18 IST" duration-ms="24348" status="PASS">
          <reporter-output>
          </reporter-output>
        </test-method> <!-- bookTicket -->
        <test-method is-config="true" signature="tearDown()[pri:0, instance:TestCase.IRCTCBooking@1bd4fdd]" started-at="2025-06-17T20:03:18 IST" name="tearDown" finished-at="2025-06-17T20:03:19 IST" duration-ms="512" status="PASS">
          <reporter-output>
          </reporter-output>
        </test-method> <!-- tearDown -->
        <test-method is-config="true" signature="flushReport()[pri:0, instance:TestCase.IRCTCBooking@1bd4fdd]" started-at="2025-06-17T20:03:19 IST" name="flushReport" finished-at="2025-06-17T20:03:19 IST" duration-ms="532" status="PASS">
          <reporter-output>
          </reporter-output>
        </test-method> <!-- flushReport -->
      </class> <!-- TestCase.IRCTCBooking -->
    </test> <!-- Test -->
  </suite> <!-- Suite -->
</testng-results>
